# JRE version: Java(TM) SE Runtime Environment (8.0_91-b15) (build 1.8.0_91-b15)
# Java VM: Java HotSpot(TM) 64-Bit Server VM (25.91-b15 mixed mode windows-amd64 compressed oops)
Heap:
 PSYoungGen      total 178688K, used 63839K [0x000000076b200000, 0x0000000778900000, 0x00000007c0000000)
  eden space 166912K, 38% used [0x000000076b200000,0x000000076f057ff8,0x0000000775500000)
  from space 11776K, 0% used [0x0000000776080000,0x0000000776080000,0x0000000776c00000)
  to   space 11776K, 0% used [0x0000000775500000,0x0000000775500000,0x0000000776080000)
 ParOldGen       total 150016K, used 13471K [0x00000006c1600000, 0x00000006ca880000, 0x000000076b200000)
  object space 150016K, 8% used [0x00000006c1600000,0x00000006c2327db8,0x00000006ca880000)
 Metaspace       used 38537K, capacity 40812K, committed 41136K, reserved 1085440K
  class space    used 5017K, capacity 5480K, committed 5552K, reserved 1048576K
GC Heap History (10 events):
Event: 0.928 GC heap before
{Heap before GC invocations=4 (full 1):
 PSYoungGen      total 76288K, used 7193K [0x000000076b200000, 0x0000000774700000, 0x00000007c0000000)
  eden space 65536K, 0% used [0x000000076b200000,0x000000076b200000,0x000000076f200000)
  from space 10752K, 66% used [0x000000076f200000,0x000000076f906698,0x000000076fc80000)
  to   space 10752K, 0% used [0x0000000773c80000,0x0000000773c80000,0x0000000774700000)
 ParOldGen       total 175104K, used 40K [0x00000006c1600000, 0x00000006cc100000, 0x000000076b200000)
  object space 175104K, 0% used [0x00000006c1600000,0x00000006c160a000,0x00000006cc100000)
 Metaspace       used 19772K, capacity 21216K, committed 21296K, reserved 1067008K
  class space    used 2556K, capacity 2842K, committed 2864K, reserved 1048576K
Event: 0.944 GC heap after
Heap after GC invocations=4 (full 1):
 PSYoungGen      total 76288K, used 0K [0x000000076b200000, 0x0000000774700000, 0x00000007c0000000)
  eden space 65536K, 0% used [0x000000076b200000,0x000000076b200000,0x000000076f200000)
  from space 10752K, 0% used [0x000000076f200000,0x000000076f200000,0x000000076fc80000)
  to   space 10752K, 0% used [0x0000000773c80000,0x0000000773c80000,0x0000000774700000)
 ParOldGen       total 96768K, used 6798K [0x00000006c1600000, 0x00000006c7480000, 0x000000076b200000)
  object space 96768K, 7% used [0x00000006c1600000,0x00000006c1ca3a50,0x00000006c7480000)
 Metaspace       used 19772K, capacity 21216K, committed 21296K, reserved 1067008K
  class space    used 2556K, capacity 2842K, committed 2864K, reserved 1048576K
}
Event: 1.108 GC heap before
{Heap before GC invocations=5 (full 1):
 PSYoungGen      total 76288K, used 65536K [0x000000076b200000, 0x0000000774700000, 0x00000007c0000000)
  eden space 65536K, 100% used [0x000000076b200000,0x000000076f200000,0x000000076f200000)
  from space 10752K, 0% used [0x000000076f200000,0x000000076f200000,0x000000076fc80000)
  to   space 10752K, 0% used [0x0000000773c80000,0x0000000773c80000,0x0000000774700000)
 ParOldGen       total 96768K, used 6798K [0x00000006c1600000, 0x00000006c7480000, 0x000000076b200000)
  object space 96768K, 7% used [0x00000006c1600000,0x00000006c1ca3a50,0x00000006c7480000)
 Metaspace       used 23605K, capacity 25254K, committed 25520K, reserved 1071104K
  class space    used 3069K, capacity 3401K, committed 3504K, reserved 1048576K
Event: 1.111 GC heap after
Heap after GC invocations=5 (full 1):
 PSYoungGen      total 112128K, used 5993K [0x000000076b200000, 0x0000000774280000, 0x00000007c0000000)
  eden space 105984K, 0% used [0x000000076b200000,0x000000076b200000,0x0000000771980000)
  from space 6144K, 97% used [0x0000000773c80000,0x000000077425a540,0x0000000774280000)
  to   space 10752K, 0% used [0x0000000772d80000,0x0000000772d80000,0x0000000773800000)
 ParOldGen       total 96768K, used 6806K [0x00000006c1600000, 0x00000006c7480000, 0x000000076b200000)
  object space 96768K, 7% used [0x00000006c1600000,0x00000006c1ca5a50,0x00000006c7480000)
 Metaspace       used 23605K, capacity 25254K, committed 25520K, reserved 1071104K
  class space    used 3069K, capacity 3401K, committed 3504K, reserved 1048576K
}
Event: 1.601 GC heap before
{Heap before GC invocations=6 (full 1):
 PSYoungGen      total 112128K, used 111977K [0x000000076b200000, 0x0000000774280000, 0x00000007c0000000)
  eden space 105984K, 100% used [0x000000076b200000,0x0000000771980000,0x0000000771980000)
  from space 6144K, 97% used [0x0000000773c80000,0x000000077425a540,0x0000000774280000)
  to   space 10752K, 0% used [0x0000000772d80000,0x0000000772d80000,0x0000000773800000)
 ParOldGen       total 96768K, used 6806K [0x00000006c1600000, 0x00000006c7480000, 0x000000076b200000)
  object space 96768K, 7% used [0x00000006c1600000,0x00000006c1ca5a50,0x00000006c7480000)
 Metaspace       used 30008K, capacity 32124K, committed 32304K, reserved 1077248K
  class space    used 3909K, capacity 4320K, committed 4400K, reserved 1048576K
Event: 1.606 GC heap after
Heap after GC invocations=6 (full 1):
 PSYoungGen      total 137216K, used 10276K [0x000000076b200000, 0x0000000776c00000, 0x00000007c0000000)
  eden space 126464K, 0% used [0x000000076b200000,0x000000076b200000,0x0000000772d80000)
  from space 10752K, 95% used [0x0000000772d80000,0x00000007737891e0,0x0000000773800000)
  to   space 11776K, 0% used [0x0000000776080000,0x0000000776080000,0x0000000776c00000)
 ParOldGen       total 96768K, used 6814K [0x00000006c1600000, 0x00000006c7480000, 0x000000076b200000)
  object space 96768K, 7% used [0x00000006c1600000,0x00000006c1ca7a50,0x00000006c7480000)
 Metaspace       used 30008K, capacity 32124K, committed 32304K, reserved 1077248K
  class space    used 3909K, capacity 4320K, committed 4400K, reserved 1048576K
}
Event: 1.893 GC heap before
{Heap before GC invocations=7 (full 1):
 PSYoungGen      total 137216K, used 76296K [0x000000076b200000, 0x0000000776c00000, 0x00000007c0000000)
  eden space 126464K, 52% used [0x000000076b200000,0x000000076f278ec8,0x0000000772d80000)
  from space 10752K, 95% used [0x0000000772d80000,0x00000007737891e0,0x0000000773800000)
  to   space 11776K, 0% used [0x0000000776080000,0x0000000776080000,0x0000000776c00000)
 ParOldGen       total 96768K, used 6814K [0x00000006c1600000, 0x00000006c7480000, 0x000000076b200000)
  object space 96768K, 7% used [0x00000006c1600000,0x00000006c1ca7a50,0x00000006c7480000)
 Metaspace       used 33229K, capacity 35416K, committed 35496K, reserved 1079296K
  class space    used 4420K, capacity 4846K, committed 4912K, reserved 1048576K
Event: 1.898 GC heap after
Heap after GC invocations=7 (full 1):
 PSYoungGen      total 178688K, used 8834K [0x000000076b200000, 0x0000000778900000, 0x00000007c0000000)
  eden space 166912K, 0% used [0x000000076b200000,0x000000076b200000,0x0000000775500000)
  from space 11776K, 75% used [0x0000000776080000,0x0000000776920ae8,0x0000000776c00000)
  to   space 11776K, 0% used [0x0000000775500000,0x0000000775500000,0x0000000776080000)
 ParOldGen       total 96768K, used 6822K [0x00000006c1600000, 0x00000006c7480000, 0x000000076b200000)
  object space 96768K, 7% used [0x00000006c1600000,0x00000006c1ca9a50,0x00000006c7480000)
 Metaspace       used 33229K, capacity 35416K, committed 35496K, reserved 1079296K
  class space    used 4420K, capacity 4846K, committed 4912K, reserved 1048576K
}
Event: 1.898 GC heap before
{Heap before GC invocations=8 (full 2):
 PSYoungGen      total 178688K, used 8834K [0x000000076b200000, 0x0000000778900000, 0x00000007c0000000)
  eden space 166912K, 0% used [0x000000076b200000,0x000000076b200000,0x0000000775500000)
  from space 11776K, 75% used [0x0000000776080000,0x0000000776920ae8,0x0000000776c00000)
  to   space 11776K, 0% used [0x0000000775500000,0x0000000775500000,0x0000000776080000)
 ParOldGen       total 96768K, used 6822K [0x00000006c1600000, 0x00000006c7480000, 0x000000076b200000)
  object space 96768K, 7% used [0x00000006c1600000,0x00000006c1ca9a50,0x00000006c7480000)
 Metaspace       used 33229K, capacity 35416K, committed 35496K, reserved 1079296K
  class space    used 4420K, capacity 4846K, committed 4912K, reserved 1048576K
Event: 1.926 GC heap after
Heap after GC invocations=8 (full 2):
 PSYoungGen      total 178688K, used 0K [0x000000076b200000, 0x0000000778900000, 0x00000007c0000000)
  eden space 166912K, 0% used [0x000000076b200000,0x000000076b200000,0x0000000775500000)
  from space 11776K, 0% used [0x0000000776080000,0x0000000776080000,0x0000000776c00000)
  to   space 11776K, 0% used [0x0000000775500000,0x0000000775500000,0x0000000776080000)
 ParOldGen       total 150016K, used 13471K [0x00000006c1600000, 0x00000006ca880000, 0x000000076b200000)
  object space 150016K, 8% used [0x00000006c1600000,0x00000006c2327db8,0x00000006ca880000)
 Metaspace       used 33229K, capacity 35416K, committed 35496K, reserved 1079296K
  class space    used 4420K, capacity 4846K, committed 4912K, reserved 1048576K
}

